0 info it worked if it ends with ok
1 verbose cli [ '/usr/bin/node',
1 verbose cli   '/usr/bin/npm',
1 verbose cli   'install',
1 verbose cli   '-y',
1 verbose cli   'epel-releasesudo',
1 verbose cli   'apt-get',
1 verbose cli   'install',
1 verbose cli   'openvpn' ]
2 info using npm@6.14.4
3 info using node@v10.19.0
4 verbose config Skipping project config: /root/.npmrc. (matches userconfig)
5 verbose npm-session 8b37b177a1b3d060
6 silly install loadCurrentTree
7 silly install readLocalPackageData
8 http fetch GET 200 https://registry.npmjs.org/install 115ms
9 http fetch GET 200 https://registry.npmjs.org/install/-/install-0.13.0.tgz 42ms
10 silly pacote tag manifest for install@latest fetched in 164ms
11 http fetch GET 200 https://registry.npmjs.org/apt-get 296ms
12 http fetch GET 200 https://registry.npmjs.org/apt-get/-/apt-get-0.1.0.tgz 268ms
13 silly pacote tag manifest for apt-get@latest fetched in 568ms
14 http fetch GET 404 https://registry.npmjs.org/epel-releasesudo 806ms
15 http fetch GET 200 https://registry.npmjs.org/openvpn 810ms
16 http fetch GET 404 https://registry.npmjs.org/epel-releasesudo 213ms
17 silly fetchPackageMetaData error for epel-releasesudo@latest 404 Not Found - GET https://registry.npmjs.org/epel-releasesudo - Not found
18 http fetch GET 200 https://registry.npmjs.org/openvpn/-/openvpn-0.1.5.tgz 244ms
19 silly pacote tag manifest for openvpn@latest fetched in 1058ms
20 timing stage:rollbackFailedOptional Completed in 0ms
21 timing stage:runTopLevelLifecycles Completed in 1426ms
22 verbose stack Error: 404 Not Found - GET https://registry.npmjs.org/epel-releasesudo - Not found
22 verbose stack     at res.buffer.catch.then.body (/usr/share/npm/node_modules/npm-registry-fetch/check-response.js:104:15)
22 verbose stack     at process._tickCallback (internal/process/next_tick.js:68:7)
23 verbose statusCode 404
24 verbose pkgid epel-releasesudo@latest
25 verbose cwd /root/vpn/openvpn
26 verbose Linux 5.4.0-100-generic
27 verbose argv "/usr/bin/node" "/usr/bin/npm" "install" "-y" "epel-releasesudo" "apt-get" "install" "openvpn"
28 verbose node v10.19.0
29 verbose npm  v6.14.4
30 error code E404
31 error 404 Not Found - GET https://registry.npmjs.org/epel-releasesudo - Not found
32 error 404
33 error 404 'epel-releasesudo@latest' is not in the npm registry.
34 error 404 You should bug the author to publish it (or use the name yourself!)
35 error 404 Note that you can also install from a
36 error 404 tarball, folder, http url, or git url.
37 verbose exit [ 1, true ]
